Terminals which are not used

   CHARLIT
   STRINGLIT


Grammar

    0 $accept: start $end

    1 start: command

    2 command: "run" _run_args_mode

    3 @1: /* empty */

    4 command: "run" _run_args_mode @1 run_args
    5        | "attach" address
    6        | "connect" WORD ':' connector_args
    7        | "listen" address_opt
    8        | "detach"
    9        | "print" _print_mode expr
   10        | "print" _print_mode '/' WORD expr
   11        | "print" _print_mode '/' intlit expr
   12        | "call" expr
   13        | "exec-class"
   14        | "exec-class" WORD
   15        | "exec-args" _run_args_mode

   16 @2: /* empty */

   17 command: "exec-args" _run_args_mode @2 run_args
   18        | "backtrace" WORD _check_connect
   19        | "backtrace" _check_connect
   20        | "backtrace" "all" _check_connect
   21        | "wherei" INTLIT _check_connect
   22        | "wherei" _check_connect
   23        | "wherei" "all" _check_connect
   24        | "up" intlit_dflt1 _check_connect
   25        | "down" intlit_dflt1 _check_connect
   26        | "frame" intlit _check_connect
   27        | "save"
   28        | "save" WORD expr
   29        | "ptype" expr
   30        | "dumpall" _print_mode expr
   31        | "dumpall" _print_mode '/' WORD expr
   32        | "dumpall" _print_mode '/' intlit expr
   33        | "set" "print" "compressed"
   34        | "set" "print" "pretty"
   35        | "set" "print" "elements" intlit
   36        | "set" "print" "max-frames" intlit
   37        | "set" "stdin" "on"
   38        | "set" "stdin" "off"
   39        | "set" "variable" expr
   40        | "set" WORD _collect_all_mode TEXT
   41        | "thread" thread_id _check_connect
   42        | "threadgroup" WORD _check_connect
   43        | "^F" _collect_all_mode
   44        | "^F" _collect_all_mode TEXT
   45        | "suspend" _check_connect
   46        | "suspend" thread_id_list _check_connect
   47        | "resume" _check_connect
   48        | "resume" thread_id_list _check_connect
   49        | "kill" thread_id expr
   50        | "interrupt" _check_connect
   51        | "interrupt" thread_id _check_connect
   52        | "break" _break_mode
   53        | "break" _break_mode breakpoint_spec
   54        | "clear" _break_mode delete_breakpoint_spec_list
   55        | "command"
   56        | "command" intlit
   57        | "condition" '(' _balanced_collect_mode TEXT ')'
   58        | "condition" intlit _balanced_collect_mode TEXT
   59        | "catch" _break_mode
   60        | "catch" _break_mode exception_spec
   61        | "pass" _break_mode
   62        | "pass" _break_mode exception_spec
   63        | "watch" watchpoint_spec
   64        | "unwatch" _break_mode
   65        | "unwatch" watchpoint_spec
   66        | "delete"
   67        | "delete" int_list
   68        | "ignore" intlit intlit
   69        | "trace" _check_connect suspend_policy "methods"
   70        | "trace" _check_connect suspend_policy "methods" thread_id
   71        | "untrace" _check_connect "methods"
   72        | "step" _check_connect "up"
   73        | "step" _check_connect intlit_dflt1
   74        | "finish" _check_connect
   75        | "next" _check_connect intlit_dflt1
   76        | "stepi" _check_connect intlit_dflt1
   77        | "continue" _check_connect
   78        | "exclude"
   79        | "exclude" _break_mode "none"
   80        | "exclude" _break_mode "reset"
   81        | "exclude" _break_mode '+' exclude_class_id_list
   82        | "exclude" _break_mode exclude_class_id_list
   83        | "lock" _check_connect expr
   84        | "disablegc" _check_connect expr
   85        | "enablegc" _check_connect expr
   86        | "info" "locals" _check_connect
   87        | "info" "classes"
   88        | "info" "class" _break_mode _check_connect class_id _default_mode
   89        | "info" "class" _break_mode _check_connect class_id _default_mode "all"
   90        | "info" "methods" _break_mode class_id
   91        | "info" "fields" _break_mode class_id
   92        | "info" "threads" _check_connect
   93        | "info" "threads" _check_connect WORD
   94        | "info" "threadgroups" _check_connect
   95        | "info" "classpath" _check_connect
   96        | "info" "threadlocks" _check_connect
   97        | "info" "threadlocks" _check_connect "all"
   98        | "info" "threadlocks" _check_connect thread_id
   99        | "info" "run"
  100        | "info" "break"
  101        | "info" "watch"
  102        | "info" "catch"
  103        | "info" "stack" WORD _check_connect
  104        | "info" "stack" _check_connect
  105        | "info" "stack" "all" _check_connect
  106        | "loadclass" _break_mode _check_connect class_id
  107        | "classpath" _run_args_mode
  108        | "classpath" _run_args_mode WORD
  109        | "sourcepath" _run_args_mode
  110        | "sourcepath" _run_args_mode WORD
  111        | "monitor" _balanced_collect_mode
  112        | "monitor" _balanced_collect_mode TEXT
  113        | "unmonitor" intlit
  114        | "source" _run_args_mode WORD
  115        | "list" _break_mode
  116        | "list" intlit
  117        | "list" WORD
  118        | "lines" _break_mode class_id
  119        | "lines" _break_mode class_id IDENT
  120        | "bytecodes" _break_mode _check_connect class_id IDENT
  121        | "bytecodes" _break_mode _check_connect class_id '.' IDENT
  122        | "version"
  123        | "quit"
  124        | "help"
  125        | "help" WORD
  126        | intlit _collect_all_mode TEXT

  127 intlit: INTLIT

  128 intlit_dflt1: /* empty */
  129             | INTLIT

  130 intlit_dflt_m1: /* empty */
  131               | INTLIT

  132 int_list: intlit
  133         | int_list intlit

  134 thread_id: IDENT
  135          | INTLIT

  136 thread_id_list: thread_id
  137               | thread_id_list thread_id

  138 address: intlit

  139 address_opt: intlit_dflt_m1

  140 run_args: file_specs
  141         | WORD
  142         | WORD _copy_two_back run_args

  143 file_specs: file_spec
  144           | file_specs file_spec

  145 file_spec: '<' WORD
  146          | '>' WORD
  147          | '>' '&' WORD

  148 connector_args: /* empty */
  149               | WORD

  150 formal_types_opt: /* empty */
  151                 | '(' formal_types ')'
  152                 | '(' ')'

  153 formal_types: formal_type
  154             | formal_types ',' formal_type

  155 formal_type: class_id
  156            | formal_type "[]"

  157 class_id: IDENT
  158         | class_id '.' IDENT

  159 breakpoint_spec: break_class_id '.' IDENT formal_types_opt if_clause_opt
  160                | break_class_id ':' intlit if_clause_opt

  161 delete_breakpoint_spec_list: delete_breakpoint_spec
  162                            | delete_breakpoint_spec_list delete_breakpoint_spec

  163 delete_breakpoint_spec: intlit
  164                       | break_class_id '.' IDENT formal_types_opt
  165                       | break_class_id ':' intlit

  166 break_class_id: '*' '.' IDENT
  167               | IDENT
  168               | break_class_id '.' IDENT
  169               | break_class_id ".0"

  170 exclude_class_id_list: id_pattern
  171                      | exclude_class_id_list opt_sep id_pattern

  172 opt_sep: /* empty */
  173        | ','
  174        | ';'

  175 id_pattern: IDENT
  176           | '*'
  177           | id_pattern '.' IDENT
  178           | id_pattern '.' '*'

  179 exception_spec: '*' '.' class_id
  180               | class_id

  181 if_clause_opt: /* empty */
  182              | "if" _balanced_collect_mode TEXT

  183 watchpoint_spec: _break_mode suspend_policy watch_type class_id '.' IDENT
  184                | _break_mode suspend_policy watch_type '(' expr ')' _break_mode '.' IDENT

  185 watch_type: /* empty */
  186           | "all"
  187           | "access"

  188 suspend_policy: /* empty */
  189               | "go"
  190               | "thread"

  191 expr: _balanced_collect_mode TEXT

  192 _copy_two_back: /* empty */

  193 _default_mode: /* empty */

  194 _break_mode: /* empty */

  195 _print_mode: /* empty */

  196 _check_connect: /* empty */

  197 _balanced_collect_mode: /* empty */

  198 _collect_all_mode: /* empty */

  199 _run_args_mode: /* empty */


Terminals, with rules where they appear

$end (0) 0
'&' (38) 147
'(' (40) 57 151 152 184
')' (41) 57 151 152 184
'*' (42) 166 176 178 179
'+' (43) 81
',' (44) 154 173
'.' (46) 121 158 159 164 166 168 177 178 179 183 184
'/' (47) 10 11 31 32
':' (58) 6 160 165
';' (59) 174
'<' (60) 145
'>' (62) 146 147
error (256)
WORD (258) 6 10 14 18 28 31 40 42 93 103 108 110 114 117 125 141 142
    145 146 147 149
TEXT (259) 40 44 57 58 112 126 182 191
INTLIT (260) 21 127 129 131 135
CHARLIT (261)
STRINGLIT (262)
IDENT (263) 119 120 121 134 157 158 159 164 166 167 168 175 177 183
    184
"run" (264) 2 4 99
"attach" (265) 5
"connect" (266) 6
"listen" (267) 7
"detach" (268) 8
"print" (269) 9 10 11 33 34 35 36
"call" (270) 12
"exec-class" (271) 13 14
"exec-args" (272) 15 17
"backtrace" (273) 18 19 20
"all" (274) 20 23 89 97 105 186
"wherei" (275) 21 22 23
"up" (276) 24 72
"down" (277) 25
"frame" (278) 26
"save" (279) 27 28
"ptype" (280) 29
"dumpall" (281) 30 31 32
"set" (282) 33 34 35 36 37 38 39 40
"compressed" (283) 33
"pretty" (284) 34
"elements" (285) 35
"max-frames" (286) 36
"stdin" (287) 37 38
"on" (288) 37
"off" (289) 38
"variable" (290) 39
"thread" (291) 41 190
"threadgroup" (292) 42
"^F" (293) 43 44
"suspend" (294) 45 46
"resume" (295) 47 48
"kill" (296) 49
"interrupt" (297) 50 51
"break" (298) 52 53 100
"clear" (299) 54
"command" (300) 55 56
"condition" (301) 57 58
"catch" (302) 59 60 102
"pass" (303) 61 62
"watch" (304) 63 101
"unwatch" (305) 64 65
"delete" (306) 66 67
"ignore" (307) 68
"trace" (308) 69 70
"methods" (309) 69 70 71 90
"untrace" (310) 71
"step" (311) 72 73
"finish" (312) 74
"next" (313) 75
"stepi" (314) 76
"continue" (315) 77
"exclude" (316) 78 79 80 81 82
"none" (317) 79
"reset" (318) 80
"lock" (319) 83
"disablegc" (320) 84
"enablegc" (321) 85
"info" (322) 86 87 88 89 90 91 92 93 94 95 96 97 98 99 100 101 102
    103 104 105
"locals" (323) 86
"classes" (324) 87
"class" (325) 88 89
"fields" (326) 91
"threads" (327) 92 93
"threadgroups" (328) 94
"classpath" (329) 95 107 108
"threadlocks" (330) 96 97 98
"stack" (331) 103 104 105
"loadclass" (332) 106
"sourcepath" (333) 109 110
"monitor" (334) 111 112
"unmonitor" (335) 113
"source" (336) 114
"list" (337) 115 116 117
"lines" (338) 118 119
"bytecodes" (339) 120 121
"version" (340) 122
"quit" (341) 123
"help" (342) 124 125
"[]" (343) 156
".0" (344) 169
"if" (345) 182
"access" (346) 187
"go" (347) 189


Nonterminals, with rules where they appear

$accept (105)
    on left: 0
start (106)
    on left: 1, on right: 0
command (107)
    on left: 2 4 5 6 7 8 9 10 11 12 13 14 15 17 18 19 20 21 22 23 24
    25 26 27 28 29 30 31 32 33 34 35 36 37 38 39 40 41 42 43 44 45
    46 47 48 49 50 51 52 53 54 55 56 57 58 59 60 61 62 63 64 65 66
    67 68 69 70 71 72 73 74 75 76 77 78 79 80 81 82 83 84 85 86 87
    88 89 90 91 92 93 94 95 96 97 98 99 100 101 102 103 104 105 106
    107 108 109 110 111 112 113 114 115 116 117 118 119 120 121 122
    123 124 125 126, on right: 1
@1 (108)
    on left: 3, on right: 4
@2 (109)
    on left: 16, on right: 17
intlit (110)
    on left: 127, on right: 11 26 32 35 36 56 58 68 113 116 126 132
    133 138 160 163 165
intlit_dflt1 (111)
    on left: 128 129, on right: 24 25 73 75 76
intlit_dflt_m1 (112)
    on left: 130 131, on right: 139
int_list (113)
    on left: 132 133, on right: 67 133
thread_id (114)
    on left: 134 135, on right: 41 49 51 70 98 136 137
thread_id_list (115)
    on left: 136 137, on right: 46 48 137
address (116)
    on left: 138, on right: 5
address_opt (117)
    on left: 139, on right: 7
run_args (118)
    on left: 140 141 142, on right: 4 17 142
file_specs (119)
    on left: 143 144, on right: 140 144
file_spec (120)
    on left: 145 146 147, on right: 143 144
connector_args (121)
    on left: 148 149, on right: 6
formal_types_opt (122)
    on left: 150 151 152, on right: 159 164
formal_types (123)
    on left: 153 154, on right: 151 154
formal_type (124)
    on left: 155 156, on right: 153 154 156
class_id (125)
    on left: 157 158, on right: 88 89 90 91 106 118 119 120 121 155
    158 179 180 183
breakpoint_spec (126)
    on left: 159 160, on right: 53
delete_breakpoint_spec_list (127)
    on left: 161 162, on right: 54 162
delete_breakpoint_spec (128)
    on left: 163 164 165, on right: 161 162
break_class_id (129)
    on left: 166 167 168 169, on right: 159 160 164 165 168 169
exclude_class_id_list (130)
    on left: 170 171, on right: 81 82 171
opt_sep (131)
    on left: 172 173 174, on right: 171
id_pattern (132)
    on left: 175 176 177 178, on right: 170 171 177 178
exception_spec (133)
    on left: 179 180, on right: 60 62
if_clause_opt (134)
    on left: 181 182, on right: 159 160
watchpoint_spec (135)
    on left: 183 184, on right: 63 65
watch_type (136)
    on left: 185 186 187, on right: 183 184
suspend_policy (137)
    on left: 188 189 190, on right: 69 70 183 184
expr (138)
    on left: 191, on right: 9 10 11 12 28 29 30 31 32 39 49 83 84 85
    184
_copy_two_back (139)
    on left: 192, on right: 142
_default_mode (140)
    on left: 193, on right: 88 89
_break_mode (141)
    on left: 194, on right: 52 53 54 59 60 61 62 64 79 80 81 82 88
    89 90 91 106 115 118 119 120 121 183 184
_print_mode (142)
    on left: 195, on right: 9 10 11 30 31 32
_check_connect (143)
    on left: 196, on right: 18 19 20 21 22 23 24 25 26 41 42 45 46
    47 48 50 51 69 70 71 72 73 74 75 76 77 83 84 85 86 88 89 92 93
    94 95 96 97 98 103 104 105 106 120 121
_balanced_collect_mode (144)
    on left: 197, on right: 57 58 111 112 182 191
_collect_all_mode (145)
    on left: 198, on right: 40 43 44 126
_run_args_mode (146)
    on left: 199, on right: 2 4 15 17 107 108 109 110 114


state 0

    0 $accept: . start $end

    INTLIT         shift, and go to state 1
    "run"          shift, and go to state 2
    "attach"       shift, and go to state 3
    "connect"      shift, and go to state 4
    "listen"       shift, and go to state 5
    "detach"       shift, and go to state 6
    "print"        shift, and go to state 7
    "call"         shift, and go to state 8
    "exec-class"   shift, and go to state 9
    "exec-args"    shift, and go to state 10
    "backtrace"    shift, and go to state 11
    "wherei"       shift, and go to state 12
    "up"           shift, and go to state 13
    "down"         shift, and go to state 14
    "frame"        shift, and go to state 15
    "save"         shift, and go to state 16
    "ptype"        shift, and go to state 17
    "dumpall"      shift, and go to state 18
    "set"          shift, and go to state 19
    "thread"       shift, and go to state 20
    "threadgroup"  shift, and go to state 21
    "^F"           shift, and go to state 22
    "suspend"      shift, and go to state 23
    "resume"       shift, and go to state 24
    "kill"         shift, and go to state 25
    "interrupt"    shift, and go to state 26
    "break"        shift, and go to state 27
    "clear"        shift, and go to state 28
    "command"      shift, and go to state 29
    "condition"    shift, and go to state 30
    "catch"        shift, and go to state 31
    "pass"         shift, and go to state 32
    "watch"        shift, and go to state 33
    "unwatch"      shift, and go to state 34
    "delete"       shift, and go to state 35
    "ignore"       shift, and go to state 36
    "trace"        shift, and go to state 37
    "untrace"      shift, and go to state 38
    "step"         shift, and go to state 39
    "finish"       shift, and go to state 40
    "next"         shift, and go to state 41
    "stepi"        shift, and go to state 42
    "continue"     shift, and go to state 43
    "exclude"      shift, and go to state 44
    "lock"         shift, and go to state 45
    "disablegc"    shift, and go to state 46
    "enablegc"     shift, and go to state 47
    "info"         shift, and go to state 48
    "classpath"    shift, and go to state 49
    "loadclass"    shift, and go to state 50
    "sourcepath"   shift, and go to state 51
    "monitor"      shift, and go to state 52
    "unmonitor"    shift, and go to state 53
    "source"       shift, and go to state 54
    "list"         shift, and go to state 55
    "lines"        shift, and go to state 56
    "bytecodes"    shift, and go to state 57
    "version"      shift, and go to state 58
    "quit"         shift, and go to state 59
    "help"         shift, and go to state 60

    start    go to state 61
    command  go to state 62
    intlit   go to state 63


state 1

  127 intlit: INTLIT .

    $default  reduce using rule 127 (intlit)


state 2

    2 command: "run" . _run_args_mode
    4        | "run" . _run_args_mode @1 run_args

    $default  reduce using rule 199 (_run_args_mode)

    _run_args_mode  go to state 64


state 3

    5 command: "attach" . address

    INTLIT  shift, and go to state 1

    intlit   go to state 65
    address  go to state 66


state 4

    6 command: "connect" . WORD ':' connector_args

    WORD  shift, and go to state 67


state 5

    7 command: "listen" . address_opt

    INTLIT  shift, and go to state 68

    $default  reduce using rule 130 (intlit_dflt_m1)

    intlit_dflt_m1  go to state 69
    address_opt     go to state 70


state 6

    8 command: "detach" .

    $default  reduce using rule 8 (command)


state 7

    9 command: "print" . _print_mode expr
   10        | "print" . _print_mode '/' WORD expr
   11        | "print" . _print_mode '/' intlit expr

    $default  reduce using rule 195 (_print_mode)

    _print_mode  go to state 71


state 8

   12 command: "call" . expr

    $default  reduce using rule 197 (_balanced_collect_mode)

    expr                    go to state 72
    _balanced_collect_mode  go to state 73


state 9

   13 command: "exec-class" .
   14        | "exec-class" . WORD

    WORD  shift, and go to state 74

    $default  reduce using rule 13 (command)


state 10

   15 command: "exec-args" . _run_args_mode
   17        | "exec-args" . _run_args_mode @2 run_args

    $default  reduce using rule 199 (_run_args_mode)

    _run_args_mode  go to state 75


state 11

   18 command: "backtrace" . WORD _check_connect
   19        | "backtrace" . _check_connect
   20        | "backtrace" . "all" _check_connect

    WORD   shift, and go to state 76
    "all"  shift, and go to state 77

    $default  reduce using rule 196 (_check_connect)

    _check_connect  go to state 78


state 12

   21 command: "wherei" . INTLIT _check_connect
   22        | "wherei" . _check_connect
   23        | "wherei" . "all" _check_connect

    INTLIT  shift, and go to state 79
    "all"   shift, and go to state 80

    $default  reduce using rule 196 (_check_connect)

    _check_connect  go to state 81


state 13

   24 command: "up" . intlit_dflt1 _check_connect

    INTLIT  shift, and go to state 82

    $default  reduce using rule 128 (intlit_dflt1)

    intlit_dflt1  go to state 83


state 14

   25 command: "down" . intlit_dflt1 _check_connect

    INTLIT  shift, and go to state 82

    $default  reduce using rule 128 (intlit_dflt1)

    intlit_dflt1  go to state 84


state 15

   26 command: "frame" . intlit _check_connect

    INTLIT  shift, and go to state 1

    intlit  go to state 85


state 16

   27 command: "save" .
   28        | "save" . WORD expr

    WORD  shift, and go to state 86

    $default  reduce using rule 27 (command)


state 17

   29 command: "ptype" . expr

    $default  reduce using rule 197 (_balanced_collect_mode)

    expr                    go to state 87
    _balanced_collect_mode  go to state 73


state 18

   30 command: "dumpall" . _print_mode expr
   31        | "dumpall" . _print_mode '/' WORD expr
   32        | "dumpall" . _print_mode '/' intlit expr

    $default  reduce using rule 195 (_print_mode)

    _print_mode  go to state 88


state 19

   33 command: "set" . "print" "compressed"
   34        | "set" . "print" "pretty"
   35        | "set" . "print" "elements" intlit
   36        | "set" . "print" "max-frames" intlit
   37        | "set" . "stdin" "on"
   38        | "set" . "stdin" "off"
   39        | "set" . "variable" expr
   40        | "set" . WORD _collect_all_mode TEXT

    WORD        shift, and go to state 89
    "print"     shift, and go to state 90
    "stdin"     shift, and go to state 91
    "variable"  shift, and go to state 92


state 20

   41 command: "thread" . thread_id _check_connect

    INTLIT  shift, and go to state 93
    IDENT   shift, and go to state 94

    thread_id  go to state 95


state 21

   42 command: "threadgroup" . WORD _check_connect

    WORD  shift, and go to state 96


state 22

   43 command: "^F" . _collect_all_mode
   44        | "^F" . _collect_all_mode TEXT

    $default  reduce using rule 198 (_collect_all_mode)

    _collect_all_mode  go to state 97


state 23

   45 command: "suspend" . _check_connect
   46        | "suspend" . thread_id_list _check_connect

    INTLIT  shift, and go to state 93
    IDENT   shift, and go to state 94

    $default  reduce using rule 196 (_check_connect)

    thread_id       go to state 98
    thread_id_list  go to state 99
    _check_connect  go to state 100


state 24

   47 command: "resume" . _check_connect
   48        | "resume" . thread_id_list _check_connect

    INTLIT  shift, and go to state 93
    IDENT   shift, and go to state 94

    $default  reduce using rule 196 (_check_connect)

    thread_id       go to state 98
    thread_id_list  go to state 101
    _check_connect  go to state 102


state 25

   49 command: "kill" . thread_id expr

    INTLIT  shift, and go to state 93
    IDENT   shift, and go to state 94

    thread_id  go to state 103


state 26

   50 command: "interrupt" . _check_connect
   51        | "interrupt" . thread_id _check_connect

    INTLIT  shift, and go to state 93
    IDENT   shift, and go to state 94

    $default  reduce using rule 196 (_check_connect)

    thread_id       go to state 104
    _check_connect  go to state 105


state 27

   52 command: "break" . _break_mode
   53        | "break" . _break_mode breakpoint_spec

    $default  reduce using rule 194 (_break_mode)

    _break_mode  go to state 106


state 28

   54 command: "clear" . _break_mode delete_breakpoint_spec_list

    $default  reduce using rule 194 (_break_mode)

    _break_mode  go to state 107


state 29

   55 command: "command" .
   56        | "command" . intlit

    INTLIT  shift, and go to state 1

    $default  reduce using rule 55 (command)

    intlit  go to state 108


state 30

   57 command: "condition" . '(' _balanced_collect_mode TEXT ')'
   58        | "condition" . intlit _balanced_collect_mode TEXT

    INTLIT  shift, and go to state 1
    '('     shift, and go to state 109

    intlit  go to state 110


state 31

   59 command: "catch" . _break_mode
   60        | "catch" . _break_mode exception_spec

    $default  reduce using rule 194 (_break_mode)

    _break_mode  go to state 111


state 32

   61 command: "pass" . _break_mode
   62        | "pass" . _break_mode exception_spec

    $default  reduce using rule 194 (_break_mode)

    _break_mode  go to state 112


state 33

   63 command: "watch" . watchpoint_spec

    $default  reduce using rule 194 (_break_mode)

    watchpoint_spec  go to state 113
    _break_mode      go to state 114


state 34

   64 command: "unwatch" . _break_mode
   65        | "unwatch" . watchpoint_spec

    $default  reduce using rule 194 (_break_mode)

    watchpoint_spec  go to state 115
    _break_mode      go to state 116


state 35

   66 command: "delete" .
   67        | "delete" . int_list

    INTLIT  shift, and go to state 1

    $default  reduce using rule 66 (command)

    intlit    go to state 117
    int_list  go to state 118


state 36

   68 command: "ignore" . intlit intlit

    INTLIT  shift, and go to state 1

    intlit  go to state 119


state 37

   69 command: "trace" . _check_connect suspend_policy "methods"
   70        | "trace" . _check_connect suspend_policy "methods" thread_id

    $default  reduce using rule 196 (_check_connect)

    _check_connect  go to state 120


state 38

   71 command: "untrace" . _check_connect "methods"

    $default  reduce using rule 196 (_check_connect)

    _check_connect  go to state 121


state 39

   72 command: "step" . _check_connect "up"
   73        | "step" . _check_connect intlit_dflt1

    $default  reduce using rule 196 (_check_connect)

    _check_connect  go to state 122


state 40

   74 command: "finish" . _check_connect

    $default  reduce using rule 196 (_check_connect)

    _check_connect  go to state 123


state 41

   75 command: "next" . _check_connect intlit_dflt1

    $default  reduce using rule 196 (_check_connect)

    _check_connect  go to state 124


state 42

   76 command: "stepi" . _check_connect intlit_dflt1

    $default  reduce using rule 196 (_check_connect)

    _check_connect  go to state 125


state 43

   77 command: "continue" . _check_connect

    $default  reduce using rule 196 (_check_connect)

    _check_connect  go to state 126


state 44

   78 command: "exclude" .
   79        | "exclude" . _break_mode "none"
   80        | "exclude" . _break_mode "reset"
   81        | "exclude" . _break_mode '+' exclude_class_id_list
   82        | "exclude" . _break_mode exclude_class_id_list

    $end      reduce using rule 78 (command)
    $default  reduce using rule 194 (_break_mode)

    _break_mode  go to state 127


state 45

   83 command: "lock" . _check_connect expr

    $default  reduce using rule 196 (_check_connect)

    _check_connect  go to state 128


state 46

   84 command: "disablegc" . _check_connect expr

    $default  reduce using rule 196 (_check_connect)

    _check_connect  go to state 129


state 47

   85 command: "enablegc" . _check_connect expr

    $default  reduce using rule 196 (_check_connect)

    _check_connect  go to state 130


state 48

   86 command: "info" . "locals" _check_connect
   87        | "info" . "classes"
   88        | "info" . "class" _break_mode _check_connect class_id _default_mode
   89        | "info" . "class" _break_mode _check_connect class_id _default_mode "all"
   90        | "info" . "methods" _break_mode class_id
   91        | "info" . "fields" _break_mode class_id
   92        | "info" . "threads" _check_connect
   93        | "info" . "threads" _check_connect WORD
   94        | "info" . "threadgroups" _check_connect
   95        | "info" . "classpath" _check_connect
   96        | "info" . "threadlocks" _check_connect
   97        | "info" . "threadlocks" _check_connect "all"
   98        | "info" . "threadlocks" _check_connect thread_id
   99        | "info" . "run"
  100        | "info" . "break"
  101        | "info" . "watch"
  102        | "info" . "catch"
  103        | "info" . "stack" WORD _check_connect
  104        | "info" . "stack" _check_connect
  105        | "info" . "stack" "all" _check_connect

    "run"           shift, and go to state 131
    "break"         shift, and go to state 132
    "catch"         shift, and go to state 133
    "watch"         shift, and go to state 134
    "methods"       shift, and go to state 135
    "locals"        shift, and go to state 136
    "classes"       shift, and go to state 137
    "class"         shift, and go to state 138
    "fields"        shift, and go to state 139
    "threads"       shift, and go to state 140
    "threadgroups"  shift, and go to state 141
    "classpath"     shift, and go to state 142
    "threadlocks"   shift, and go to state 143
    "stack"         shift, and go to state 144


state 49

  107 command: "classpath" . _run_args_mode
  108        | "classpath" . _run_args_mode WORD

    $default  reduce using rule 199 (_run_args_mode)

    _run_args_mode  go to state 145


state 50

  106 command: "loadclass" . _break_mode _check_connect class_id

    $default  reduce using rule 194 (_break_mode)

    _break_mode  go to state 146


state 51

  109 command: "sourcepath" . _run_args_mode
  110        | "sourcepath" . _run_args_mode WORD

    $default  reduce using rule 199 (_run_args_mode)

    _run_args_mode  go to state 147


state 52

  111 command: "monitor" . _balanced_collect_mode
  112        | "monitor" . _balanced_collect_mode TEXT

    $default  reduce using rule 197 (_balanced_collect_mode)

    _balanced_collect_mode  go to state 148


state 53

  113 command: "unmonitor" . intlit

    INTLIT  shift, and go to state 1

    intlit  go to state 149


state 54

  114 command: "source" . _run_args_mode WORD

    $default  reduce using rule 199 (_run_args_mode)

    _run_args_mode  go to state 150


state 55

  115 command: "list" . _break_mode
  116        | "list" . intlit
  117        | "list" . WORD

    WORD    shift, and go to state 151
    INTLIT  shift, and go to state 1

    $default  reduce using rule 194 (_break_mode)

    intlit       go to state 152
    _break_mode  go to state 153


state 56

  118 command: "lines" . _break_mode class_id
  119        | "lines" . _break_mode class_id IDENT

    $default  reduce using rule 194 (_break_mode)

    _break_mode  go to state 154


state 57

  120 command: "bytecodes" . _break_mode _check_connect class_id IDENT
  121        | "bytecodes" . _break_mode _check_connect class_id '.' IDENT

    $default  reduce using rule 194 (_break_mode)

    _break_mode  go to state 155


state 58

  122 command: "version" .

    $default  reduce using rule 122 (command)


state 59

  123 command: "quit" .

    $default  reduce using rule 123 (command)


state 60

  124 command: "help" .
  125        | "help" . WORD

    WORD  shift, and go to state 156

    $default  reduce using rule 124 (command)


state 61

    0 $accept: start . $end

    $end  shift, and go to state 157


state 62

    1 start: command .

    $default  reduce using rule 1 (start)


state 63

  126 command: intlit . _collect_all_mode TEXT

    $default  reduce using rule 198 (_collect_all_mode)

    _collect_all_mode  go to state 158


state 64

    2 command: "run" _run_args_mode .
    4        | "run" _run_args_mode . @1 run_args

    $end      reduce using rule 2 (command)
    $default  reduce using rule 3 (@1)

    @1  go to state 159


state 65

  138 address: intlit .

    $default  reduce using rule 138 (address)


state 66

    5 command: "attach" address .

    $default  reduce using rule 5 (command)


state 67

    6 command: "connect" WORD . ':' connector_args

    ':'  shift, and go to state 160


state 68

  131 intlit_dflt_m1: INTLIT .

    $default  reduce using rule 131 (intlit_dflt_m1)


state 69

  139 address_opt: intlit_dflt_m1 .

    $default  reduce using rule 139 (address_opt)


state 70

    7 command: "listen" address_opt .

    $default  reduce using rule 7 (command)


state 71

    9 command: "print" _print_mode . expr
   10        | "print" _print_mode . '/' WORD expr
   11        | "print" _print_mode . '/' intlit expr

    '/'  shift, and go to state 161

    $default  reduce using rule 197 (_balanced_collect_mode)

    expr                    go to state 162
    _balanced_collect_mode  go to state 73


state 72

   12 command: "call" expr .

    $default  reduce using rule 12 (command)


state 73

  191 expr: _balanced_collect_mode . TEXT

    TEXT  shift, and go to state 163


state 74

   14 command: "exec-class" WORD .

    $default  reduce using rule 14 (command)


state 75

   15 command: "exec-args" _run_args_mode .
   17        | "exec-args" _run_args_mode . @2 run_args

    $end      reduce using rule 15 (command)
    $default  reduce using rule 16 (@2)

    @2  go to state 164


state 76

   18 command: "backtrace" WORD . _check_connect

    $default  reduce using rule 196 (_check_connect)

    _check_connect  go to state 165


state 77

   20 command: "backtrace" "all" . _check_connect

    $default  reduce using rule 196 (_check_connect)

    _check_connect  go to state 166


state 78

   19 command: "backtrace" _check_connect .

    $default  reduce using rule 19 (command)


state 79

   21 command: "wherei" INTLIT . _check_connect

    $default  reduce using rule 196 (_check_connect)

    _check_connect  go to state 167


state 80

   23 command: "wherei" "all" . _check_connect

    $default  reduce using rule 196 (_check_connect)

    _check_connect  go to state 168


state 81

   22 command: "wherei" _check_connect .

    $default  reduce using rule 22 (command)


state 82

  129 intlit_dflt1: INTLIT .

    $default  reduce using rule 129 (intlit_dflt1)


state 83

   24 command: "up" intlit_dflt1 . _check_connect

    $default  reduce using rule 196 (_check_connect)

    _check_connect  go to state 169


state 84

   25 command: "down" intlit_dflt1 . _check_connect

    $default  reduce using rule 196 (_check_connect)

    _check_connect  go to state 170


state 85

   26 command: "frame" intlit . _check_connect

    $default  reduce using rule 196 (_check_connect)

    _check_connect  go to state 171


state 86

   28 command: "save" WORD . expr

    $default  reduce using rule 197 (_balanced_collect_mode)

    expr                    go to state 172
    _balanced_collect_mode  go to state 73


state 87

   29 command: "ptype" expr .

    $default  reduce using rule 29 (command)


state 88

   30 command: "dumpall" _print_mode . expr
   31        | "dumpall" _print_mode . '/' WORD expr
   32        | "dumpall" _print_mode . '/' intlit expr

    '/'  shift, and go to state 173

    $default  reduce using rule 197 (_balanced_collect_mode)

    expr                    go to state 174
    _balanced_collect_mode  go to state 73


state 89

   40 command: "set" WORD . _collect_all_mode TEXT

    $default  reduce using rule 198 (_collect_all_mode)

    _collect_all_mode  go to state 175


state 90

   33 command: "set" "print" . "compressed"
   34        | "set" "print" . "pretty"
   35        | "set" "print" . "elements" intlit
   36        | "set" "print" . "max-frames" intlit

    "compressed"  shift, and go to state 176
    "pretty"      shift, and go to state 177
    "elements"    shift, and go to state 178
    "max-frames"  shift, and go to state 179


state 91

   37 command: "set" "stdin" . "on"
   38        | "set" "stdin" . "off"

    "on"   shift, and go to state 180
    "off"  shift, and go to state 181


state 92

   39 command: "set" "variable" . expr

    $default  reduce using rule 197 (_balanced_collect_mode)

    expr                    go to state 182
    _balanced_collect_mode  go to state 73


state 93

  135 thread_id: INTLIT .

    $default  reduce using rule 135 (thread_id)


state 94

  134 thread_id: IDENT .

    $default  reduce using rule 134 (thread_id)


state 95

   41 command: "thread" thread_id . _check_connect

    $default  reduce using rule 196 (_check_connect)

    _check_connect  go to state 183


state 96

   42 command: "threadgroup" WORD . _check_connect

    $default  reduce using rule 196 (_check_connect)

    _check_connect  go to state 184


state 97

   43 command: "^F" _collect_all_mode .
   44        | "^F" _collect_all_mode . TEXT

    TEXT  shift, and go to state 185

    $default  reduce using rule 43 (command)


state 98

  136 thread_id_list: thread_id .

    $default  reduce using rule 136 (thread_id_list)


state 99

   46 command: "suspend" thread_id_list . _check_connect
  137 thread_id_list: thread_id_list . thread_id

    INTLIT  shift, and go to state 93
    IDENT   shift, and go to state 94

    $default  reduce using rule 196 (_check_connect)

    thread_id       go to state 186
    _check_connect  go to state 187


state 100

   45 command: "suspend" _check_connect .

    $default  reduce using rule 45 (command)


state 101

   48 command: "resume" thread_id_list . _check_connect
  137 thread_id_list: thread_id_list . thread_id

    INTLIT  shift, and go to state 93
    IDENT   shift, and go to state 94

    $default  reduce using rule 196 (_check_connect)

    thread_id       go to state 186
    _check_connect  go to state 188


state 102

   47 command: "resume" _check_connect .

    $default  reduce using rule 47 (command)


state 103

   49 command: "kill" thread_id . expr

    $default  reduce using rule 197 (_balanced_collect_mode)

    expr                    go to state 189
    _balanced_collect_mode  go to state 73


state 104

   51 command: "interrupt" thread_id . _check_connect

    $default  reduce using rule 196 (_check_connect)

    _check_connect  go to state 190


state 105

   50 command: "interrupt" _check_connect .

    $default  reduce using rule 50 (command)


state 106

   52 command: "break" _break_mode .
   53        | "break" _break_mode . breakpoint_spec

    IDENT  shift, and go to state 191
    '*'    shift, and go to state 192

    $default  reduce using rule 52 (command)

    breakpoint_spec  go to state 193
    break_class_id   go to state 194


state 107

   54 command: "clear" _break_mode . delete_breakpoint_spec_list

    INTLIT  shift, and go to state 1
    IDENT   shift, and go to state 191
    '*'     shift, and go to state 192

    intlit                       go to state 195
    delete_breakpoint_spec_list  go to state 196
    delete_breakpoint_spec       go to state 197
    break_class_id               go to state 198


state 108

   56 command: "command" intlit .

    $default  reduce using rule 56 (command)


state 109

   57 command: "condition" '(' . _balanced_collect_mode TEXT ')'

    $default  reduce using rule 197 (_balanced_collect_mode)

    _balanced_collect_mode  go to state 199


state 110

   58 command: "condition" intlit . _balanced_collect_mode TEXT

    $default  reduce using rule 197 (_balanced_collect_mode)

    _balanced_collect_mode  go to state 200


state 111

   59 command: "catch" _break_mode .
   60        | "catch" _break_mode . exception_spec

    IDENT  shift, and go to state 201
    '*'    shift, and go to state 202

    $default  reduce using rule 59 (command)

    class_id        go to state 203
    exception_spec  go to state 204


state 112

   61 command: "pass" _break_mode .
   62        | "pass" _break_mode . exception_spec

    IDENT  shift, and go to state 201
    '*'    shift, and go to state 202

    $default  reduce using rule 61 (command)

    class_id        go to state 203
    exception_spec  go to state 205


state 113

   63 command: "watch" watchpoint_spec .

    $default  reduce using rule 63 (command)


state 114

  183 watchpoint_spec: _break_mode . suspend_policy watch_type class_id '.' IDENT
  184                | _break_mode . suspend_policy watch_type '(' expr ')' _break_mode '.' IDENT

    "thread"  shift, and go to state 206
    "go"      shift, and go to state 207

    $default  reduce using rule 188 (suspend_policy)

    suspend_policy  go to state 208


state 115

   65 command: "unwatch" watchpoint_spec .

    $default  reduce using rule 65 (command)


state 116

   64 command: "unwatch" _break_mode .
  183 watchpoint_spec: _break_mode . suspend_policy watch_type class_id '.' IDENT
  184                | _break_mode . suspend_policy watch_type '(' expr ')' _break_mode '.' IDENT

    "thread"  shift, and go to state 206
    "go"      shift, and go to state 207

    $end      reduce using rule 64 (command)
    $default  reduce using rule 188 (suspend_policy)

    suspend_policy  go to state 208


state 117

  132 int_list: intlit .

    $default  reduce using rule 132 (int_list)


state 118

   67 command: "delete" int_list .
  133 int_list: int_list . intlit

    INTLIT  shift, and go to state 1

    $default  reduce using rule 67 (command)

    intlit  go to state 209


state 119

   68 command: "ignore" intlit . intlit

    INTLIT  shift, and go to state 1

    intlit  go to state 210


state 120

   69 command: "trace" _check_connect . suspend_policy "methods"
   70        | "trace" _check_connect . suspend_policy "methods" thread_id

    "thread"  shift, and go to state 206
    "go"      shift, and go to state 207

    $default  reduce using rule 188 (suspend_policy)

    suspend_policy  go to state 211


state 121

   71 command: "untrace" _check_connect . "methods"

    "methods"  shift, and go to state 212


state 122

   72 command: "step" _check_connect . "up"
   73        | "step" _check_connect . intlit_dflt1

    INTLIT  shift, and go to state 82
    "up"    shift, and go to state 213

    $default  reduce using rule 128 (intlit_dflt1)

    intlit_dflt1  go to state 214


state 123

   74 command: "finish" _check_connect .

    $default  reduce using rule 74 (command)


state 124

   75 command: "next" _check_connect . intlit_dflt1

    INTLIT  shift, and go to state 82

    $default  reduce using rule 128 (intlit_dflt1)

    intlit_dflt1  go to state 215


state 125

   76 command: "stepi" _check_connect . intlit_dflt1

    INTLIT  shift, and go to state 82

    $default  reduce using rule 128 (intlit_dflt1)

    intlit_dflt1  go to state 216


state 126

   77 command: "continue" _check_connect .

    $default  reduce using rule 77 (command)


state 127

   79 command: "exclude" _break_mode . "none"
   80        | "exclude" _break_mode . "reset"
   81        | "exclude" _break_mode . '+' exclude_class_id_list
   82        | "exclude" _break_mode . exclude_class_id_list

    IDENT    shift, and go to state 217
    "none"   shift, and go to state 218
    "reset"  shift, and go to state 219
    '+'      shift, and go to state 220
    '*'      shift, and go to state 221

    exclude_class_id_list  go to state 222
    id_pattern             go to state 223


state 128

   83 command: "lock" _check_connect . expr

    $default  reduce using rule 197 (_balanced_collect_mode)

    expr                    go to state 224
    _balanced_collect_mode  go to state 73


state 129

   84 command: "disablegc" _check_connect . expr

    $default  reduce using rule 197 (_balanced_collect_mode)

    expr                    go to state 225
    _balanced_collect_mode  go to state 73


state 130

   85 command: "enablegc" _check_connect . expr

    $default  reduce using rule 197 (_balanced_collect_mode)

    expr                    go to state 226
    _balanced_collect_mode  go to state 73


state 131

   99 command: "info" "run" .

    $default  reduce using rule 99 (command)


state 132

  100 command: "info" "break" .

    $default  reduce using rule 100 (command)


state 133

  102 command: "info" "catch" .

    $default  reduce using rule 102 (command)


state 134

  101 command: "info" "watch" .

    $default  reduce using rule 101 (command)


state 135

   90 command: "info" "methods" . _break_mode class_id

    $default  reduce using rule 194 (_break_mode)

    _break_mode  go to state 227


state 136

   86 command: "info" "locals" . _check_connect

    $default  reduce using rule 196 (_check_connect)

    _check_connect  go to state 228


state 137

   87 command: "info" "classes" .

    $default  reduce using rule 87 (command)


state 138

   88 command: "info" "class" . _break_mode _check_connect class_id _default_mode
   89        | "info" "class" . _break_mode _check_connect class_id _default_mode "all"

    $default  reduce using rule 194 (_break_mode)

    _break_mode  go to state 229


state 139

   91 command: "info" "fields" . _break_mode class_id

    $default  reduce using rule 194 (_break_mode)

    _break_mode  go to state 230


state 140

   92 command: "info" "threads" . _check_connect
   93        | "info" "threads" . _check_connect WORD

    $default  reduce using rule 196 (_check_connect)

    _check_connect  go to state 231


state 141

   94 command: "info" "threadgroups" . _check_connect

    $default  reduce using rule 196 (_check_connect)

    _check_connect  go to state 232


state 142

   95 command: "info" "classpath" . _check_connect

    $default  reduce using rule 196 (_check_connect)

    _check_connect  go to state 233


state 143

   96 command: "info" "threadlocks" . _check_connect
   97        | "info" "threadlocks" . _check_connect "all"
   98        | "info" "threadlocks" . _check_connect thread_id

    $default  reduce using rule 196 (_check_connect)

    _check_connect  go to state 234


state 144

  103 command: "info" "stack" . WORD _check_connect
  104        | "info" "stack" . _check_connect
  105        | "info" "stack" . "all" _check_connect

    WORD   shift, and go to state 235
    "all"  shift, and go to state 236

    $default  reduce using rule 196 (_check_connect)

    _check_connect  go to state 237


state 145

  107 command: "classpath" _run_args_mode .
  108        | "classpath" _run_args_mode . WORD

    WORD  shift, and go to state 238

    $default  reduce using rule 107 (command)


state 146

  106 command: "loadclass" _break_mode . _check_connect class_id

    $default  reduce using rule 196 (_check_connect)

    _check_connect  go to state 239


state 147

  109 command: "sourcepath" _run_args_mode .
  110        | "sourcepath" _run_args_mode . WORD

    WORD  shift, and go to state 240

    $default  reduce using rule 109 (command)


state 148

  111 command: "monitor" _balanced_collect_mode .
  112        | "monitor" _balanced_collect_mode . TEXT

    TEXT  shift, and go to state 241

    $default  reduce using rule 111 (command)


state 149

  113 command: "unmonitor" intlit .

    $default  reduce using rule 113 (command)


state 150

  114 command: "source" _run_args_mode . WORD

    WORD  shift, and go to state 242


state 151

  117 command: "list" WORD .

    $default  reduce using rule 117 (command)


state 152

  116 command: "list" intlit .

    $default  reduce using rule 116 (command)


state 153

  115 command: "list" _break_mode .

    $default  reduce using rule 115 (command)


state 154

  118 command: "lines" _break_mode . class_id
  119        | "lines" _break_mode . class_id IDENT

    IDENT  shift, and go to state 201

    class_id  go to state 243


state 155

  120 command: "bytecodes" _break_mode . _check_connect class_id IDENT
  121        | "bytecodes" _break_mode . _check_connect class_id '.' IDENT

    $default  reduce using rule 196 (_check_connect)

    _check_connect  go to state 244


state 156

  125 command: "help" WORD .

    $default  reduce using rule 125 (command)


state 157

    0 $accept: start $end .

    $default  accept


state 158

  126 command: intlit _collect_all_mode . TEXT

    TEXT  shift, and go to state 245


state 159

    4 command: "run" _run_args_mode @1 . run_args

    WORD  shift, and go to state 246
    '<'   shift, and go to state 247
    '>'   shift, and go to state 248

    run_args    go to state 249
    file_specs  go to state 250
    file_spec   go to state 251


state 160

    6 command: "connect" WORD ':' . connector_args

    WORD  shift, and go to state 252

    $default  reduce using rule 148 (connector_args)

    connector_args  go to state 253


state 161

   10 command: "print" _print_mode '/' . WORD expr
   11        | "print" _print_mode '/' . intlit expr

    WORD    shift, and go to state 254
    INTLIT  shift, and go to state 1

    intlit  go to state 255


state 162

    9 command: "print" _print_mode expr .

    $default  reduce using rule 9 (command)


state 163

  191 expr: _balanced_collect_mode TEXT .

    $default  reduce using rule 191 (expr)


state 164

   17 command: "exec-args" _run_args_mode @2 . run_args

    WORD  shift, and go to state 246
    '<'   shift, and go to state 247
    '>'   shift, and go to state 248

    run_args    go to state 256
    file_specs  go to state 250
    file_spec   go to state 251


state 165

   18 command: "backtrace" WORD _check_connect .

    $default  reduce using rule 18 (command)


state 166

   20 command: "backtrace" "all" _check_connect .

    $default  reduce using rule 20 (command)


state 167

   21 command: "wherei" INTLIT _check_connect .

    $default  reduce using rule 21 (command)


state 168

   23 command: "wherei" "all" _check_connect .

    $default  reduce using rule 23 (command)


state 169

   24 command: "up" intlit_dflt1 _check_connect .

    $default  reduce using rule 24 (command)


state 170

   25 command: "down" intlit_dflt1 _check_connect .

    $default  reduce using rule 25 (command)


state 171

   26 command: "frame" intlit _check_connect .

    $default  reduce using rule 26 (command)


state 172

   28 command: "save" WORD expr .

    $default  reduce using rule 28 (command)


state 173

   31 command: "dumpall" _print_mode '/' . WORD expr
   32        | "dumpall" _print_mode '/' . intlit expr

    WORD    shift, and go to state 257
    INTLIT  shift, and go to state 1

    intlit  go to state 258


state 174

   30 command: "dumpall" _print_mode expr .

    $default  reduce using rule 30 (command)


state 175

   40 command: "set" WORD _collect_all_mode . TEXT

    TEXT  shift, and go to state 259


state 176

   33 command: "set" "print" "compressed" .

    $default  reduce using rule 33 (command)


state 177

   34 command: "set" "print" "pretty" .

    $default  reduce using rule 34 (command)


state 178

   35 command: "set" "print" "elements" . intlit

    INTLIT  shift, and go to state 1

    intlit  go to state 260


state 179

   36 command: "set" "print" "max-frames" . intlit

    INTLIT  shift, and go to state 1

    intlit  go to state 261


state 180

   37 command: "set" "stdin" "on" .

    $default  reduce using rule 37 (command)


state 181

   38 command: "set" "stdin" "off" .

    $default  reduce using rule 38 (command)


state 182

   39 command: "set" "variable" expr .

    $default  reduce using rule 39 (command)


state 183

   41 command: "thread" thread_id _check_connect .

    $default  reduce using rule 41 (command)


state 184

   42 command: "threadgroup" WORD _check_connect .

    $default  reduce using rule 42 (command)


state 185

   44 command: "^F" _collect_all_mode TEXT .

    $default  reduce using rule 44 (command)


state 186

  137 thread_id_list: thread_id_list thread_id .

    $default  reduce using rule 137 (thread_id_list)


state 187

   46 command: "suspend" thread_id_list _check_connect .

    $default  reduce using rule 46 (command)


state 188

   48 command: "resume" thread_id_list _check_connect .

    $default  reduce using rule 48 (command)


state 189

   49 command: "kill" thread_id expr .

    $default  reduce using rule 49 (command)


state 190

   51 command: "interrupt" thread_id _check_connect .

    $default  reduce using rule 51 (command)


state 191

  167 break_class_id: IDENT .

    $default  reduce using rule 167 (break_class_id)


state 192

  166 break_class_id: '*' . '.' IDENT

    '.'  shift, and go to state 262


state 193

   53 command: "break" _break_mode breakpoint_spec .

    $default  reduce using rule 53 (command)


state 194

  159 breakpoint_spec: break_class_id . '.' IDENT formal_types_opt if_clause_opt
  160                | break_class_id . ':' intlit if_clause_opt
  168 break_class_id: break_class_id . '.' IDENT
  169               | break_class_id . ".0"

    ':'   shift, and go to state 263
    '.'   shift, and go to state 264
    ".0"  shift, and go to state 265


state 195

  163 delete_breakpoint_spec: intlit .

    $default  reduce using rule 163 (delete_breakpoint_spec)


state 196

   54 command: "clear" _break_mode delete_breakpoint_spec_list .
  162 delete_breakpoint_spec_list: delete_breakpoint_spec_list . delete_breakpoint_spec

    INTLIT  shift, and go to state 1
    IDENT   shift, and go to state 191
    '*'     shift, and go to state 192

    $default  reduce using rule 54 (command)

    intlit                  go to state 195
    delete_breakpoint_spec  go to state 266
    break_class_id          go to state 198


state 197

  161 delete_breakpoint_spec_list: delete_breakpoint_spec .

    $default  reduce using rule 161 (delete_breakpoint_spec_list)


state 198

  164 delete_breakpoint_spec: break_class_id . '.' IDENT formal_types_opt
  165                       | break_class_id . ':' intlit
  168 break_class_id: break_class_id . '.' IDENT
  169               | break_class_id . ".0"

    ':'   shift, and go to state 267
    '.'   shift, and go to state 268
    ".0"  shift, and go to state 265


state 199

   57 command: "condition" '(' _balanced_collect_mode . TEXT ')'

    TEXT  shift, and go to state 269


state 200

   58 command: "condition" intlit _balanced_collect_mode . TEXT

    TEXT  shift, and go to state 270


state 201

  157 class_id: IDENT .

    $default  reduce using rule 157 (class_id)


state 202

  179 exception_spec: '*' . '.' class_id

    '.'  shift, and go to state 271


state 203

  158 class_id: class_id . '.' IDENT
  180 exception_spec: class_id .

    '.'  shift, and go to state 272

    $default  reduce using rule 180 (exception_spec)


state 204

   60 command: "catch" _break_mode exception_spec .

    $default  reduce using rule 60 (command)


state 205

   62 command: "pass" _break_mode exception_spec .

    $default  reduce using rule 62 (command)


state 206

  190 suspend_policy: "thread" .

    $default  reduce using rule 190 (suspend_policy)


state 207

  189 suspend_policy: "go" .

    $default  reduce using rule 189 (suspend_policy)


state 208

  183 watchpoint_spec: _break_mode suspend_policy . watch_type class_id '.' IDENT
  184                | _break_mode suspend_policy . watch_type '(' expr ')' _break_mode '.' IDENT

    "all"     shift, and go to state 273
    "access"  shift, and go to state 274

    $default  reduce using rule 185 (watch_type)

    watch_type  go to state 275


state 209

  133 int_list: int_list intlit .

    $default  reduce using rule 133 (int_list)


state 210

   68 command: "ignore" intlit intlit .

    $default  reduce using rule 68 (command)


state 211

   69 command: "trace" _check_connect suspend_policy . "methods"
   70        | "trace" _check_connect suspend_policy . "methods" thread_id

    "methods"  shift, and go to state 276


state 212

   71 command: "untrace" _check_connect "methods" .

    $default  reduce using rule 71 (command)


state 213

   72 command: "step" _check_connect "up" .

    $default  reduce using rule 72 (command)


state 214

   73 command: "step" _check_connect intlit_dflt1 .

    $default  reduce using rule 73 (command)


state 215

   75 command: "next" _check_connect intlit_dflt1 .

    $default  reduce using rule 75 (command)


state 216

   76 command: "stepi" _check_connect intlit_dflt1 .

    $default  reduce using rule 76 (command)


state 217

  175 id_pattern: IDENT .

    $default  reduce using rule 175 (id_pattern)


state 218

   79 command: "exclude" _break_mode "none" .

    $default  reduce using rule 79 (command)


state 219

   80 command: "exclude" _break_mode "reset" .

    $default  reduce using rule 80 (command)


state 220

   81 command: "exclude" _break_mode '+' . exclude_class_id_list

    IDENT  shift, and go to state 217
    '*'    shift, and go to state 221

    exclude_class_id_list  go to state 277
    id_pattern             go to state 223


state 221

  176 id_pattern: '*' .

    $default  reduce using rule 176 (id_pattern)


state 222

   82 command: "exclude" _break_mode exclude_class_id_list .
  171 exclude_class_id_list: exclude_class_id_list . opt_sep id_pattern

    ','  shift, and go to state 278
    ';'  shift, and go to state 279

    $end      reduce using rule 82 (command)
    $default  reduce using rule 172 (opt_sep)

    opt_sep  go to state 280


state 223

  170 exclude_class_id_list: id_pattern .
  177 id_pattern: id_pattern . '.' IDENT
  178           | id_pattern . '.' '*'

    '.'  shift, and go to state 281

    $default  reduce using rule 170 (exclude_class_id_list)


state 224

   83 command: "lock" _check_connect expr .

    $default  reduce using rule 83 (command)


state 225

   84 command: "disablegc" _check_connect expr .

    $default  reduce using rule 84 (command)


state 226

   85 command: "enablegc" _check_connect expr .

    $default  reduce using rule 85 (command)


state 227

   90 command: "info" "methods" _break_mode . class_id

    IDENT  shift, and go to state 201

    class_id  go to state 282


state 228

   86 command: "info" "locals" _check_connect .

    $default  reduce using rule 86 (command)


state 229

   88 command: "info" "class" _break_mode . _check_connect class_id _default_mode
   89        | "info" "class" _break_mode . _check_connect class_id _default_mode "all"

    $default  reduce using rule 196 (_check_connect)

    _check_connect  go to state 283


state 230

   91 command: "info" "fields" _break_mode . class_id

    IDENT  shift, and go to state 201

    class_id  go to state 284


state 231

   92 command: "info" "threads" _check_connect .
   93        | "info" "threads" _check_connect . WORD

    WORD  shift, and go to state 285

    $default  reduce using rule 92 (command)


state 232

   94 command: "info" "threadgroups" _check_connect .

    $default  reduce using rule 94 (command)


state 233

   95 command: "info" "classpath" _check_connect .

    $default  reduce using rule 95 (command)


state 234

   96 command: "info" "threadlocks" _check_connect .
   97        | "info" "threadlocks" _check_connect . "all"
   98        | "info" "threadlocks" _check_connect . thread_id

    INTLIT  shift, and go to state 93
    IDENT   shift, and go to state 94
    "all"   shift, and go to state 286

    $default  reduce using rule 96 (command)

    thread_id  go to state 287


state 235

  103 command: "info" "stack" WORD . _check_connect

    $default  reduce using rule 196 (_check_connect)

    _check_connect  go to state 288


state 236

  105 command: "info" "stack" "all" . _check_connect

    $default  reduce using rule 196 (_check_connect)

    _check_connect  go to state 289


state 237

  104 command: "info" "stack" _check_connect .

    $default  reduce using rule 104 (command)


state 238

  108 command: "classpath" _run_args_mode WORD .

    $default  reduce using rule 108 (command)


state 239

  106 command: "loadclass" _break_mode _check_connect . class_id

    IDENT  shift, and go to state 201

    class_id  go to state 290


state 240

  110 command: "sourcepath" _run_args_mode WORD .

    $default  reduce using rule 110 (command)


state 241

  112 command: "monitor" _balanced_collect_mode TEXT .

    $default  reduce using rule 112 (command)


state 242

  114 command: "source" _run_args_mode WORD .

    $default  reduce using rule 114 (command)


state 243

  118 command: "lines" _break_mode class_id .
  119        | "lines" _break_mode class_id . IDENT
  158 class_id: class_id . '.' IDENT

    IDENT  shift, and go to state 291
    '.'    shift, and go to state 272

    $default  reduce using rule 118 (command)


state 244

  120 command: "bytecodes" _break_mode _check_connect . class_id IDENT
  121        | "bytecodes" _break_mode _check_connect . class_id '.' IDENT

    IDENT  shift, and go to state 201

    class_id  go to state 292


state 245

  126 command: intlit _collect_all_mode TEXT .

    $default  reduce using rule 126 (command)


state 246

  141 run_args: WORD .
  142         | WORD . _copy_two_back run_args

    $end      reduce using rule 141 (run_args)
    $default  reduce using rule 192 (_copy_two_back)

    _copy_two_back  go to state 293


state 247

  145 file_spec: '<' . WORD

    WORD  shift, and go to state 294


state 248

  146 file_spec: '>' . WORD
  147          | '>' . '&' WORD

    WORD  shift, and go to state 295
    '&'   shift, and go to state 296


state 249

    4 command: "run" _run_args_mode @1 run_args .

    $default  reduce using rule 4 (command)


state 250

  140 run_args: file_specs .
  144 file_specs: file_specs . file_spec

    '<'  shift, and go to state 247
    '>'  shift, and go to state 248

    $default  reduce using rule 140 (run_args)

    file_spec  go to state 297


state 251

  143 file_specs: file_spec .

    $default  reduce using rule 143 (file_specs)


state 252

  149 connector_args: WORD .

    $default  reduce using rule 149 (connector_args)


state 253

    6 command: "connect" WORD ':' connector_args .

    $default  reduce using rule 6 (command)


state 254

   10 command: "print" _print_mode '/' WORD . expr

    $default  reduce using rule 197 (_balanced_collect_mode)

    expr                    go to state 298
    _balanced_collect_mode  go to state 73


state 255

   11 command: "print" _print_mode '/' intlit . expr

    $default  reduce using rule 197 (_balanced_collect_mode)

    expr                    go to state 299
    _balanced_collect_mode  go to state 73


state 256

   17 command: "exec-args" _run_args_mode @2 run_args .

    $default  reduce using rule 17 (command)


state 257

   31 command: "dumpall" _print_mode '/' WORD . expr

    $default  reduce using rule 197 (_balanced_collect_mode)

    expr                    go to state 300
    _balanced_collect_mode  go to state 73


state 258

   32 command: "dumpall" _print_mode '/' intlit . expr

    $default  reduce using rule 197 (_balanced_collect_mode)

    expr                    go to state 301
    _balanced_collect_mode  go to state 73


state 259

   40 command: "set" WORD _collect_all_mode TEXT .

    $default  reduce using rule 40 (command)


state 260

   35 command: "set" "print" "elements" intlit .

    $default  reduce using rule 35 (command)


state 261

   36 command: "set" "print" "max-frames" intlit .

    $default  reduce using rule 36 (command)


state 262

  166 break_class_id: '*' '.' . IDENT

    IDENT  shift, and go to state 302


state 263

  160 breakpoint_spec: break_class_id ':' . intlit if_clause_opt

    INTLIT  shift, and go to state 1

    intlit  go to state 303


state 264

  159 breakpoint_spec: break_class_id '.' . IDENT formal_types_opt if_clause_opt
  168 break_class_id: break_class_id '.' . IDENT

    IDENT  shift, and go to state 304


state 265

  169 break_class_id: break_class_id ".0" .

    $default  reduce using rule 169 (break_class_id)


state 266

  162 delete_breakpoint_spec_list: delete_breakpoint_spec_list delete_breakpoint_spec .

    $default  reduce using rule 162 (delete_breakpoint_spec_list)


state 267

  165 delete_breakpoint_spec: break_class_id ':' . intlit

    INTLIT  shift, and go to state 1

    intlit  go to state 305


state 268

  164 delete_breakpoint_spec: break_class_id '.' . IDENT formal_types_opt
  168 break_class_id: break_class_id '.' . IDENT

    IDENT  shift, and go to state 306


state 269

   57 command: "condition" '(' _balanced_collect_mode TEXT . ')'

    ')'  shift, and go to state 307


state 270

   58 command: "condition" intlit _balanced_collect_mode TEXT .

    $default  reduce using rule 58 (command)


state 271

  179 exception_spec: '*' '.' . class_id

    IDENT  shift, and go to state 201

    class_id  go to state 308


state 272

  158 class_id: class_id '.' . IDENT

    IDENT  shift, and go to state 309


state 273

  186 watch_type: "all" .

    $default  reduce using rule 186 (watch_type)


state 274

  187 watch_type: "access" .

    $default  reduce using rule 187 (watch_type)


state 275

  183 watchpoint_spec: _break_mode suspend_policy watch_type . class_id '.' IDENT
  184                | _break_mode suspend_policy watch_type . '(' expr ')' _break_mode '.' IDENT

    IDENT  shift, and go to state 201
    '('    shift, and go to state 310

    class_id  go to state 311


state 276

   69 command: "trace" _check_connect suspend_policy "methods" .
   70        | "trace" _check_connect suspend_policy "methods" . thread_id

    INTLIT  shift, and go to state 93
    IDENT   shift, and go to state 94

    $default  reduce using rule 69 (command)

    thread_id  go to state 312


state 277

   81 command: "exclude" _break_mode '+' exclude_class_id_list .
  171 exclude_class_id_list: exclude_class_id_list . opt_sep id_pattern

    ','  shift, and go to state 278
    ';'  shift, and go to state 279

    $end      reduce using rule 81 (command)
    $default  reduce using rule 172 (opt_sep)

    opt_sep  go to state 280


state 278

  173 opt_sep: ',' .

    $default  reduce using rule 173 (opt_sep)


state 279

  174 opt_sep: ';' .

    $default  reduce using rule 174 (opt_sep)


state 280

  171 exclude_class_id_list: exclude_class_id_list opt_sep . id_pattern

    IDENT  shift, and go to state 217
    '*'    shift, and go to state 221

    id_pattern  go to state 313


state 281

  177 id_pattern: id_pattern '.' . IDENT
  178           | id_pattern '.' . '*'

    IDENT  shift, and go to state 314
    '*'    shift, and go to state 315


state 282

   90 command: "info" "methods" _break_mode class_id .
  158 class_id: class_id . '.' IDENT

    '.'  shift, and go to state 272

    $default  reduce using rule 90 (command)


state 283

   88 command: "info" "class" _break_mode _check_connect . class_id _default_mode
   89        | "info" "class" _break_mode _check_connect . class_id _default_mode "all"

    IDENT  shift, and go to state 201

    class_id  go to state 316


state 284

   91 command: "info" "fields" _break_mode class_id .
  158 class_id: class_id . '.' IDENT

    '.'  shift, and go to state 272

    $default  reduce using rule 91 (command)


state 285

   93 command: "info" "threads" _check_connect WORD .

    $default  reduce using rule 93 (command)


state 286

   97 command: "info" "threadlocks" _check_connect "all" .

    $default  reduce using rule 97 (command)


state 287

   98 command: "info" "threadlocks" _check_connect thread_id .

    $default  reduce using rule 98 (command)


state 288

  103 command: "info" "stack" WORD _check_connect .

    $default  reduce using rule 103 (command)


state 289

  105 command: "info" "stack" "all" _check_connect .

    $default  reduce using rule 105 (command)


state 290

  106 command: "loadclass" _break_mode _check_connect class_id .
  158 class_id: class_id . '.' IDENT

    '.'  shift, and go to state 272

    $default  reduce using rule 106 (command)


state 291

  119 command: "lines" _break_mode class_id IDENT .

    $default  reduce using rule 119 (command)


state 292

  120 command: "bytecodes" _break_mode _check_connect class_id . IDENT
  121        | "bytecodes" _break_mode _check_connect class_id . '.' IDENT
  158 class_id: class_id . '.' IDENT

    IDENT  shift, and go to state 317
    '.'    shift, and go to state 318


state 293

  142 run_args: WORD _copy_two_back . run_args

    WORD  shift, and go to state 246
    '<'   shift, and go to state 247
    '>'   shift, and go to state 248

    run_args    go to state 319
    file_specs  go to state 250
    file_spec   go to state 251


state 294

  145 file_spec: '<' WORD .

    $default  reduce using rule 145 (file_spec)


state 295

  146 file_spec: '>' WORD .

    $default  reduce using rule 146 (file_spec)


state 296

  147 file_spec: '>' '&' . WORD

    WORD  shift, and go to state 320


state 297

  144 file_specs: file_specs file_spec .

    $default  reduce using rule 144 (file_specs)


state 298

   10 command: "print" _print_mode '/' WORD expr .

    $default  reduce using rule 10 (command)


state 299

   11 command: "print" _print_mode '/' intlit expr .

    $default  reduce using rule 11 (command)


state 300

   31 command: "dumpall" _print_mode '/' WORD expr .

    $default  reduce using rule 31 (command)


state 301

   32 command: "dumpall" _print_mode '/' intlit expr .

    $default  reduce using rule 32 (command)


state 302

  166 break_class_id: '*' '.' IDENT .

    $default  reduce using rule 166 (break_class_id)


state 303

  160 breakpoint_spec: break_class_id ':' intlit . if_clause_opt

    "if"  shift, and go to state 321

    $default  reduce using rule 181 (if_clause_opt)

    if_clause_opt  go to state 322


state 304

  159 breakpoint_spec: break_class_id '.' IDENT . formal_types_opt if_clause_opt
  168 break_class_id: break_class_id '.' IDENT .

    '('  shift, and go to state 323

    $end      reduce using rule 150 (formal_types_opt)
    "if"      reduce using rule 150 (formal_types_opt)
    $default  reduce using rule 168 (break_class_id)

    formal_types_opt  go to state 324


state 305

  165 delete_breakpoint_spec: break_class_id ':' intlit .

    $default  reduce using rule 165 (delete_breakpoint_spec)


state 306

  164 delete_breakpoint_spec: break_class_id '.' IDENT . formal_types_opt
  168 break_class_id: break_class_id '.' IDENT .

    '('  shift, and go to state 323

    ':'       reduce using rule 168 (break_class_id)
    '.'       reduce using rule 168 (break_class_id)
    ".0"      reduce using rule 168 (break_class_id)
    $default  reduce using rule 150 (formal_types_opt)

    formal_types_opt  go to state 325


state 307

   57 command: "condition" '(' _balanced_collect_mode TEXT ')' .

    $default  reduce using rule 57 (command)


state 308

  158 class_id: class_id . '.' IDENT
  179 exception_spec: '*' '.' class_id .

    '.'  shift, and go to state 272

    $default  reduce using rule 179 (exception_spec)


state 309

  158 class_id: class_id '.' IDENT .

    $default  reduce using rule 158 (class_id)


state 310

  184 watchpoint_spec: _break_mode suspend_policy watch_type '(' . expr ')' _break_mode '.' IDENT

    $default  reduce using rule 197 (_balanced_collect_mode)

    expr                    go to state 326
    _balanced_collect_mode  go to state 73


state 311

  158 class_id: class_id . '.' IDENT
  183 watchpoint_spec: _break_mode suspend_policy watch_type class_id . '.' IDENT

    '.'  shift, and go to state 327


state 312

   70 command: "trace" _check_connect suspend_policy "methods" thread_id .

    $default  reduce using rule 70 (command)


state 313

  171 exclude_class_id_list: exclude_class_id_list opt_sep id_pattern .
  177 id_pattern: id_pattern . '.' IDENT
  178           | id_pattern . '.' '*'

    '.'  shift, and go to state 281

    $default  reduce using rule 171 (exclude_class_id_list)


state 314

  177 id_pattern: id_pattern '.' IDENT .

    $default  reduce using rule 177 (id_pattern)


state 315

  178 id_pattern: id_pattern '.' '*' .

    $default  reduce using rule 178 (id_pattern)


state 316

   88 command: "info" "class" _break_mode _check_connect class_id . _default_mode
   89        | "info" "class" _break_mode _check_connect class_id . _default_mode "all"
  158 class_id: class_id . '.' IDENT

    '.'  shift, and go to state 272

    $default  reduce using rule 193 (_default_mode)

    _default_mode  go to state 328


state 317

  120 command: "bytecodes" _break_mode _check_connect class_id IDENT .

    $default  reduce using rule 120 (command)


state 318

  121 command: "bytecodes" _break_mode _check_connect class_id '.' . IDENT
  158 class_id: class_id '.' . IDENT

    IDENT  shift, and go to state 329


state 319

  142 run_args: WORD _copy_two_back run_args .

    $default  reduce using rule 142 (run_args)


state 320

  147 file_spec: '>' '&' WORD .

    $default  reduce using rule 147 (file_spec)


state 321

  182 if_clause_opt: "if" . _balanced_collect_mode TEXT

    $default  reduce using rule 197 (_balanced_collect_mode)

    _balanced_collect_mode  go to state 330


state 322

  160 breakpoint_spec: break_class_id ':' intlit if_clause_opt .

    $default  reduce using rule 160 (breakpoint_spec)


state 323

  151 formal_types_opt: '(' . formal_types ')'
  152                 | '(' . ')'

    IDENT  shift, and go to state 201
    ')'    shift, and go to state 331

    formal_types  go to state 332
    formal_type   go to state 333
    class_id      go to state 334


state 324

  159 breakpoint_spec: break_class_id '.' IDENT formal_types_opt . if_clause_opt

    "if"  shift, and go to state 321

    $default  reduce using rule 181 (if_clause_opt)

    if_clause_opt  go to state 335


state 325

  164 delete_breakpoint_spec: break_class_id '.' IDENT formal_types_opt .

    $default  reduce using rule 164 (delete_breakpoint_spec)


state 326

  184 watchpoint_spec: _break_mode suspend_policy watch_type '(' expr . ')' _break_mode '.' IDENT

    ')'  shift, and go to state 336


state 327

  158 class_id: class_id '.' . IDENT
  183 watchpoint_spec: _break_mode suspend_policy watch_type class_id '.' . IDENT

    IDENT  shift, and go to state 337


state 328

   88 command: "info" "class" _break_mode _check_connect class_id _default_mode .
   89        | "info" "class" _break_mode _check_connect class_id _default_mode . "all"

    "all"  shift, and go to state 338

    $default  reduce using rule 88 (command)


state 329

  121 command: "bytecodes" _break_mode _check_connect class_id '.' IDENT .
  158 class_id: class_id '.' IDENT .

    $end      reduce using rule 121 (command)
    $default  reduce using rule 158 (class_id)


state 330

  182 if_clause_opt: "if" _balanced_collect_mode . TEXT

    TEXT  shift, and go to state 339


state 331

  152 formal_types_opt: '(' ')' .

    $default  reduce using rule 152 (formal_types_opt)


state 332

  151 formal_types_opt: '(' formal_types . ')'
  154 formal_types: formal_types . ',' formal_type

    ')'  shift, and go to state 340
    ','  shift, and go to state 341


state 333

  153 formal_types: formal_type .
  156 formal_type: formal_type . "[]"

    "[]"  shift, and go to state 342

    $default  reduce using rule 153 (formal_types)


state 334

  155 formal_type: class_id .
  158 class_id: class_id . '.' IDENT

    '.'  shift, and go to state 272

    $default  reduce using rule 155 (formal_type)


state 335

  159 breakpoint_spec: break_class_id '.' IDENT formal_types_opt if_clause_opt .

    $default  reduce using rule 159 (breakpoint_spec)


state 336

  184 watchpoint_spec: _break_mode suspend_policy watch_type '(' expr ')' . _break_mode '.' IDENT

    $default  reduce using rule 194 (_break_mode)

    _break_mode  go to state 343


state 337

  158 class_id: class_id '.' IDENT .
  183 watchpoint_spec: _break_mode suspend_policy watch_type class_id '.' IDENT .

    $end      reduce using rule 183 (watchpoint_spec)
    $default  reduce using rule 158 (class_id)


state 338

   89 command: "info" "class" _break_mode _check_connect class_id _default_mode "all" .

    $default  reduce using rule 89 (command)


state 339

  182 if_clause_opt: "if" _balanced_collect_mode TEXT .

    $default  reduce using rule 182 (if_clause_opt)


state 340

  151 formal_types_opt: '(' formal_types ')' .

    $default  reduce using rule 151 (formal_types_opt)


state 341

  154 formal_types: formal_types ',' . formal_type

    IDENT  shift, and go to state 201

    formal_type  go to state 344
    class_id     go to state 334


state 342

  156 formal_type: formal_type "[]" .

    $default  reduce using rule 156 (formal_type)


state 343

  184 watchpoint_spec: _break_mode suspend_policy watch_type '(' expr ')' _break_mode . '.' IDENT

    '.'  shift, and go to state 345


state 344

  154 formal_types: formal_types ',' formal_type .
  156 formal_type: formal_type . "[]"

    "[]"  shift, and go to state 342

    $default  reduce using rule 154 (formal_types)


state 345

  184 watchpoint_spec: _break_mode suspend_policy watch_type '(' expr ')' _break_mode '.' . IDENT

    IDENT  shift, and go to state 346


state 346

  184 watchpoint_spec: _break_mode suspend_policy watch_type '(' expr ')' _break_mode '.' IDENT .

    $default  reduce using rule 184 (watchpoint_spec)
